\BOOKMARK [0][-]{chapter*.1}{\376\377\000L\036\334\000I\000\040\000C\036\242\000M\000\040\001\240\000N}{}% 1
\BOOKMARK [0][-]{chapter*.2}{\376\377\000T\000\323\000M\000\040\000T\036\256\000T}{}% 2
\BOOKMARK [0][-]{chapter*.3}{\376\377\000L\036\334\000I\000\040\000C\000A\000M\000\040\001\020\000O\000A\000N}{}% 3
\BOOKMARK [0][-]{chapter*.4}{\376\377\000D\000A\000N\000H\000\040\000M\036\344\000C\000\040\000K\000\335\000\040\000H\000I\036\306\000U\000\040\000V\000\300\000\040\000C\000H\036\356\000\040\000V\000I\036\276\000T\000\040\000T\036\256\000T}{}% 4
\BOOKMARK [0][-]{chapter.1}{\376\377\0001\000\040\000M\036\336\000\040\001\020\036\246\000U}{}% 5
\BOOKMARK [1][-]{section.1.1}{\376\377\0001\000.\0001\000\040\000L\000\375\000\040\000d\000o\000\040\000c\000h\036\315\000n\000\040\001\021\036\301\000\040\000t\000\340\000i}{chapter.1}% 6
\BOOKMARK [1][-]{section.1.2}{\376\377\0001\000.\0002\000\040\000M\036\345\000c\000\040\000t\000i\000\352\000u\000\040\000n\000g\000h\000i\000\352\000n\000\040\000c\036\351\000u}{chapter.1}% 7
\BOOKMARK [1][-]{section.1.3}{\376\377\0001\000.\0003\000\040\001\020\036\321\000i\000\040\000t\001\260\036\343\000n\000g\000\040\000v\000\340\000\040\000p\000h\036\241\000m\000\040\000v\000i\000\040\000n\000g\000h\000i\000\352\000n\000\040\000c\036\351\000u}{chapter.1}% 8
\BOOKMARK [2][-]{subsection.1.3.1}{\376\377\0001\000.\0003\000.\0001\000\040\001\020\036\321\000i\000\040\000t\001\260\036\343\000n\000g\000\040\000n\000g\000h\000i\000\352\000n\000\040\000c\036\351\000u}{section.1.3}% 9
\BOOKMARK [2][-]{subsection.1.3.2}{\376\377\0001\000.\0003\000.\0002\000\040\000P\000h\036\241\000m\000\040\000v\000i\000\040\000n\000g\000h\000i\000\352\000n\000\040\000c\036\351\000u}{section.1.3}% 10
\BOOKMARK [1][-]{section.1.4}{\376\377\0001\000.\0004\000\040\000\335\000\040\000n\000g\000h\001\051\000a\000\040\000k\000h\000o\000a\000\040\000h\036\315\000c\000\040\000v\000\340\000\040\000t\000h\036\361\000c\000\040\000t\000i\036\305\000n}{chapter.1}% 11
\BOOKMARK [2][-]{subsection.1.4.1}{\376\377\0001\000.\0004\000.\0001\000\040\000\335\000\040\000n\000g\000h\001\051\000a\000\040\000k\000h\000o\000a\000\040\000h\036\315\000c}{section.1.4}% 12
\BOOKMARK [2][-]{subsection.1.4.2}{\376\377\0001\000.\0004\000.\0002\000\040\000\335\000\040\000n\000g\000h\001\051\000a\000\040\000t\000h\036\361\000c\000\040\000t\000i\036\305\000n}{section.1.4}% 13
\BOOKMARK [0][-]{chapter.2}{\376\377\0002\000\040\000T\036\324\000N\000G\000\040\000Q\000U\000A\000N}{}% 14
\BOOKMARK [1][-]{section.2.1}{\376\377\0002\000.\0001\000\040\000G\000i\036\333\000i\000\040\000t\000h\000i\036\307\000u\000\040\000v\036\301\000\040\000h\036\307\000\040\001\021\000a\000\040\000r\000o\000b\000o\000t}{chapter.2}% 15
\BOOKMARK [1][-]{section.2.2}{\376\377\0002\000.\0002\000\040\000C\000\341\000c\000\040\000p\000h\001\260\001\241\000n\000g\000\040\000p\000h\000\341\000p\000\040\000t\000r\000\341\000n\000h\000\040\000v\000a\000\040\000c\000h\036\241\000m\000\040\000t\000r\000u\000y\036\301\000n\000\040\000t\000h\036\321\000n\000g}{chapter.2}% 16
\BOOKMARK [1][-]{section.2.3}{\376\377\0002\000.\0003\000\040\000C\000\341\000c\000\040\000p\000h\001\260\001\241\000n\000g\000\040\000p\000h\000\341\000p\000\040\000d\036\361\000a\000\040\000t\000r\000\352\000n\000\040\000h\036\315\000c\000\040\000s\000\342\000u}{chapter.2}% 17
\BOOKMARK [1][-]{section.2.4}{\376\377\0002\000.\0004\000\040\000P\000h\001\260\001\241\000n\000g\000\040\000p\000h\000\341\000p\000\040\000P\000P\000O\000\040\000v\036\333\000i\000\040\000h\036\307\000\040\000r\000o\000b\000o\000t\000\040\000p\000h\000i\000\040\000t\036\255\000p\000\040\000t\000r\000u\000n\000g}{chapter.2}% 18
\BOOKMARK [2][-]{subsection.2.4.1}{\376\377\0002\000.\0004\000.\0001\000\040\000M\000\364\000\040\000h\000\354\000n\000h\000\040\000b\000\340\000i\000\040\000t\000o\000\341\000n}{section.2.4}% 19
\BOOKMARK [2][-]{subsection.2.4.2}{\376\377\0002\000.\0004\000.\0002\000\040\000H\000\340\000m\000\040\000r\000e\000w\000a\000r\000d}{section.2.4}% 20
\BOOKMARK [2][-]{subsection.2.4.3}{\376\377\0002\000.\0004\000.\0003\000\040\000K\000i\036\277\000n\000\040\000t\000r\000\372\000c\000\040\000m\036\241\000n\000g\000\040\000n\001\241\000-\000r\000o\000n}{section.2.4}% 21
\BOOKMARK [2][-]{subsection.2.4.4}{\376\377\0002\000.\0004\000.\0004\000\040\000T\000h\000u\036\255\000t\000\040\000t\000o\000\341\000n\000\040\000h\000u\036\245\000n\000\040\000l\000u\000y\036\307\000n}{section.2.4}% 22
\BOOKMARK [2][-]{subsection.2.4.5}{\376\377\0002\000.\0004\000.\0005\000\040\000M\000\364\000i\000\040\000t\000r\001\260\036\335\000n\000g\000\040\000v\000\340\000\040\000k\036\313\000c\000h\000\040\000b\036\243\000n\000\040\000h\000u\036\245\000n\000\040\000l\000u\000y\036\307\000n}{section.2.4}% 23
\BOOKMARK [2][-]{subsection.2.4.6}{\376\377\0002\000.\0004\000.\0006\000\040\000C\000h\000i\036\277\000n\000\040\000l\001\260\036\343\000c\000\040\000h\000u\036\245\000n\000\040\000l\000u\000y\036\307\000n\000\040\000h\000a\000i\000\040\000g\000i\000a\000i\000\040\001\021\000o\036\241\000n}{section.2.4}% 24
\BOOKMARK [1][-]{section.2.5}{\376\377\0002\000.\0005\000\040\000C\001\241\000\040\000s\036\337\000\040\000l\000\375\000\040\000t\000h\000u\000y\036\277\000t}{chapter.2}% 25
\BOOKMARK [2][-]{subsection.2.5.1}{\376\377\0002\000.\0005\000.\0001\000\040\000C\000\341\000c\000\040\000t\000h\000u\036\255\000t\000\040\000t\000o\000\341\000n\000\040\000t\036\321\000i\000\040\001\260\000u}{section.2.5}% 26
\BOOKMARK [3][-]{subsubsection.2.5.1.1}{\376\377\0002\000.\0005\000.\0001\000.\0001\000\040\000G\000r\000a\000d\000i\000e\000n\000t\000\040\000D\000e\000s\000c\000e\000n\000t}{subsection.2.5.1}% 27
\BOOKMARK [3][-]{subsubsection.2.5.1.2}{\376\377\0002\000.\0005\000.\0001\000.\0002\000\040\000S\000t\000o\000c\000h\000a\000s\000t\000i\000c\000\040\000G\000r\000a\000d\000i\000e\000n\000t\000\040\000D\000e\000s\000c\000e\000n\000t\000\040\000\050\000S\000G\000D\000\051}{subsection.2.5.1}% 28
\BOOKMARK [3][-]{subsubsection.2.5.1.3}{\376\377\0002\000.\0005\000.\0001\000.\0003\000\040\000M\000o\000m\000e\000n\000t\000u\000m\000-\000b\000a\000s\000e\000d\000\040\000G\000r\000a\000d\000i\000e\000n\000t\000\040\000D\000e\000s\000c\000e\000n\000t}{subsection.2.5.1}% 29
\BOOKMARK [3][-]{subsubsection.2.5.1.4}{\376\377\0002\000.\0005\000.\0001\000.\0004\000\040\000R\000M\000S\000P\000r\000o\000p\000\040\000\050\000R\000o\000o\000t\000\040\000M\000e\000a\000n\000\040\000S\000q\000u\000a\000r\000e\000\040\000P\000r\000o\000p\000a\000g\000a\000t\000i\000o\000n\000\051}{subsection.2.5.1}% 30
\BOOKMARK [3][-]{subsubsection.2.5.1.5}{\376\377\0002\000.\0005\000.\0001\000.\0005\000\040\000A\000d\000a\000m\000\040\000\050\000A\000d\000a\000p\000t\000i\000v\000e\000\040\000M\000o\000m\000e\000n\000t\000\040\000E\000s\000t\000i\000m\000a\000t\000i\000o\000n\000\051}{subsection.2.5.1}% 31
\BOOKMARK [2][-]{subsection.2.5.2}{\376\377\0002\000.\0005\000.\0002\000\040\000R\000e\000i\000n\000f\000o\000r\000c\000e\000m\000e\000n\000t\000\040\000L\000e\000a\000r\000n\000i\000n\000g}{section.2.5}% 32
\BOOKMARK [2][-]{subsection.2.5.3}{\376\377\0002\000.\0005\000.\0003\000\040\000P\000r\000o\000x\000i\000m\000a\000l\000\040\000P\000o\000l\000i\000c\000y\000\040\000O\000p\000t\000i\000m\000i\000z\000a\000t\000i\000o\000n\000\040\000\050\000P\000P\000O\000\051}{section.2.5}% 33
\BOOKMARK [3][-]{subsubsection.2.5.3.1}{\376\377\0002\000.\0005\000.\0003\000.\0001\000\040\000P\000o\000l\000i\000c\000y\000\040\000G\000r\000a\000d\000i\000e\000n\000t\000\040\000c\001\241\000\040\000b\036\243\000n}{subsection.2.5.3}% 34
\BOOKMARK [3][-]{subsubsection.2.5.3.2}{\376\377\0002\000.\0005\000.\0003\000.\0002\000\040\000T\000r\000u\000s\000t\000\040\000R\000e\000g\000i\000o\000n\000\040\000P\000o\000l\000i\000c\000y\000\040\000O\000p\000t\000i\000m\000i\000z\000a\000t\000i\000o\000n\000\040\000\050\000T\000R\000P\000O\000\051}{subsection.2.5.3}% 35
\BOOKMARK [3][-]{subsubsection.2.5.3.3}{\376\377\0002\000.\0005\000.\0003\000.\0003\000\040\000P\000P\000O\000-\000C\000l\000i\000p\000:\000\040\000F\000i\000r\000s\000t\000-\000o\000r\000d\000e\000r\000\040\000A\000p\000p\000r\000o\000x\000i\000m\000a\000t\000i\000o\000n}{subsection.2.5.3}% 36
\BOOKMARK [3][-]{subsubsection.2.5.3.4}{\376\377\0002\000.\0005\000.\0003\000.\0004\000\040\000V\000a\000l\000u\000e\000\040\000F\000u\000n\000c\000t\000i\000o\000n\000\040\000C\000l\000i\000p\000p\000i\000n\000g}{subsection.2.5.3}% 37
\BOOKMARK [3][-]{subsubsection.2.5.3.5}{\376\377\0002\000.\0005\000.\0003\000.\0005\000\040\000C\000o\000m\000p\000l\000e\000t\000e\000\040\000P\000P\000O\000\040\000O\000b\000j\000e\000c\000t\000i\000v\000e}{subsection.2.5.3}% 38
\BOOKMARK [3][-]{subsubsection.2.5.3.6}{\376\377\0002\000.\0005\000.\0003\000.\0006\000\040\000P\000P\000O\000-\000P\000e\000n\000a\000l\000t\000y\000:\000\040\000A\000l\000t\000e\000r\000n\000a\000t\000i\000v\000e\000\040\000F\000o\000r\000m\000u\000l\000a\000t\000i\000o\000n}{subsection.2.5.3}% 39
\BOOKMARK [3][-]{subsubsection.2.5.3.7}{\376\377\0002\000.\0005\000.\0003\000.\0007\000\040\000P\000P\000O\000\040\000H\000y\000p\000e\000r\000p\000a\000r\000a\000m\000e\000t\000e\000r\000s}{subsection.2.5.3}% 40
\BOOKMARK [2][-]{subsection.2.5.4}{\376\377\0002\000.\0005\000.\0004\000\040\000K\000i\036\277\000n\000\040\000t\000r\000\372\000c\000\040\000m\036\241\000n\000g\000\040\000n\001\241\000-\000r\000o\000n}{section.2.5}% 41
\BOOKMARK [3][-]{subsubsection.2.5.4.1}{\376\377\0002\000.\0005\000.\0004\000.\0001\000\040\000F\000u\000l\000l\000y\000\040\000C\000o\000n\000n\000e\000c\000t\000e\000d\000\040\000N\000e\000u\000r\000a\000l\000\040\000N\000e\000t\000w\000o\000r\000k\000s}{subsection.2.5.4}% 42
\BOOKMARK [3][-]{subsubsection.2.5.4.2}{\376\377\0002\000.\0005\000.\0004\000.\0002\000\040\000C\000o\000n\000v\000o\000l\000u\000t\000i\000o\000n\000a\000l\000\040\000N\000e\000u\000r\000a\000l\000\040\000N\000e\000t\000w\000o\000r\000k\000s\000\040\000\050\000C\000N\000N\000\051}{subsection.2.5.4}% 43
\BOOKMARK [3][-]{subsubsection.2.5.4.3}{\376\377\0002\000.\0005\000.\0004\000.\0003\000\040\000L\000o\000s\000s\000\040\000F\000u\000n\000c\000t\000i\000o\000n\000s}{subsection.2.5.4}% 44
\BOOKMARK [3][-]{subsubsection.2.5.4.4}{\376\377\0002\000.\0005\000.\0004\000.\0004\000\040\000B\000a\000c\000k\000p\000r\000o\000p\000a\000g\000a\000t\000i\000o\000n}{subsection.2.5.4}% 45
\BOOKMARK [3][-]{subsubsection.2.5.4.5}{\376\377\0002\000.\0005\000.\0004\000.\0005\000\040\000R\000e\000g\000u\000l\000a\000r\000i\000z\000a\000t\000i\000o\000n\000\040\000T\000e\000c\000h\000n\000i\000q\000u\000e\000s}{subsection.2.5.4}% 46
\BOOKMARK [2][-]{subsection.2.5.5}{\376\377\0002\000.\0005\000.\0005\000\040\001\020\000i\036\301\000u\000\040\000k\000h\000i\036\303\000n\000\040\000P\000I\000D}{section.2.5}% 47
\BOOKMARK [2][-]{subsection.2.5.6}{\376\377\0002\000.\0005\000.\0006\000\040\000U\000K\000F\000\040\000S\000e\000n\000s\000o\000r\000\040\000F\000u\000s\000i\000o\000n}{section.2.5}% 48
\BOOKMARK [2][-]{subsection.2.5.7}{\376\377\0002\000.\0005\000.\0007\000\040\000C\000a\000r\000t\000o\000g\000r\000a\000p\000h\000e\000r\000\040\000v\000\340\000\040\000S\000L\000A\000M}{section.2.5}% 49
\BOOKMARK [3][-]{subsubsection.2.5.7.1}{\376\377\0002\000.\0005\000.\0007\000.\0001\000\040\000B\000\340\000i\000\040\000t\000o\000\341\000n\000\040\000S\000L\000A\000M}{subsection.2.5.7}% 50
\BOOKMARK [3][-]{subsubsection.2.5.7.2}{\376\377\0002\000.\0005\000.\0007\000.\0002\000\040\000G\000o\000o\000g\000l\000e\000\040\000C\000a\000r\000t\000o\000g\000r\000a\000p\000h\000e\000r}{subsection.2.5.7}% 51
\BOOKMARK [3][-]{subsubsection.2.5.7.3}{\376\377\0002\000.\0005\000.\0007\000.\0003\000\040\000N\000g\000u\000y\000\352\000n\000\040\000l\000\375\000\040\000h\000o\036\241\000t\000\040\001\021\036\331\000n\000g}{subsection.2.5.7}% 52
\BOOKMARK [3][-]{subsubsection.2.5.7.4}{\376\377\0002\000.\0005\000.\0007\000.\0004\000\040\000K\000i\036\277\000n\000\040\000t\000r\000\372\000c\000\040\000h\036\307\000\040\000t\000h\036\321\000n\000g}{subsection.2.5.7}% 53
\BOOKMARK [3][-]{subsubsection.2.5.7.5}{\376\377\0002\000.\0005\000.\0007\000.\0005\000\040\000Q\000u\000y\000\040\000t\000r\000\354\000n\000h\000\040\000m\000a\000p\000p\000i\000n\000g}{subsection.2.5.7}% 54
\BOOKMARK [3][-]{subsubsection.2.5.7.6}{\376\377\0002\000.\0005\000.\0007\000.\0006\000\040\000C\000\341\000c\000\040\000t\000h\000a\000m\000\040\000s\036\321\000\040\000q\000u\000a\000n\000\040\000t\000r\036\315\000n\000g}{subsection.2.5.7}% 55
\BOOKMARK [0][-]{chapter.3}{\376\377\0003\000\040\000P\000H\001\257\001\240\000N\000G\000\040\000P\000H\000\301\000P\000\040\000N\000G\000H\000I\000\312\000N\000\040\000C\036\350\000U}{}% 56
\BOOKMARK [1][-]{section.3.1}{\376\377\0003\000.\0001\000\040\000M\000\364\000i\000\040\000t\000r\001\260\036\335\000n\000g\000\040\000m\000\364\000\040\000p\000h\036\317\000n\000g}{chapter.3}% 57
\BOOKMARK [2][-]{subsection.3.1.1}{\376\377\0003\000.\0001\000.\0001\000\040\000K\000h\000\364\000n\000g\000\040\000g\000i\000a\000n\000\040\000q\000u\000a\000n\000\040\000s\000\341\000t}{section.3.1}% 58
\BOOKMARK [2][-]{subsection.3.1.2}{\376\377\0003\000.\0001\000.\0002\000\040\000K\000h\000\364\000n\000g\000\040\000g\000i\000a\000n\000\040\000h\000\340\000n\000h\000\040\001\021\036\331\000n\000g}{section.3.1}% 59
\BOOKMARK [1][-]{section.3.2}{\376\377\0003\000.\0002\000\040\000T\000h\000i\036\277\000t\000\040\000k\036\277\000\040\000h\000\340\000m\000\040\000r\000e\000w\000a\000r\000d}{chapter.3}% 60
\BOOKMARK [2][-]{subsection.3.2.1}{\376\377\0003\000.\0002\000.\0001\000\040\000T\000e\000r\000m\000i\000n\000a\000l\000\040\000r\000e\000w\000a\000r\000d\000s}{section.3.2}% 61
\BOOKMARK [2][-]{subsection.3.2.2}{\376\377\0003\000.\0002\000.\0002\000\040\000S\000t\000e\000p\000\040\000r\000e\000w\000a\000r\000d\000s}{section.3.2}% 62
\BOOKMARK [2][-]{subsection.3.2.3}{\376\377\0003\000.\0002\000.\0003\000\040\001\020\000i\036\303\000m\000\040\000k\000h\000\341\000c\000\040\000b\000i\036\307\000t\000\040\000s\000o\000\040\000v\036\333\000i\000\040\000b\000\340\000i\000\040\000b\000\341\000o\000\040\000g\036\321\000c}{section.3.2}% 63
\BOOKMARK [1][-]{section.3.3}{\376\377\0003\000.\0003\000\040\000K\000i\036\277\000n\000\040\000t\000r\000\372\000c\000\040\000m\036\241\000n\000g\000\040\000n\001\241\000-\000r\000o\000n}{chapter.3}% 64
\BOOKMARK [2][-]{subsection.3.3.1}{\376\377\0003\000.\0003\000.\0001\000\040\000E\000n\000c\000o\000d\000e\000r\000\040\000c\000h\000u\000n\000g\000\040\000-\000\040\000X\036\355\000\040\000l\000\375\000\040\000L\000i\000D\000A\000R}{section.3.3}% 65
\BOOKMARK [2][-]{subsection.3.3.2}{\376\377\0003\000.\0003\000.\0002\000\040\000M\036\241\000n\000g\000\040\000A\000c\000t\000o\000r\000\040\000-\000\040\000S\000i\000n\000h\000\040\000p\000o\000l\000i\000c\000y}{section.3.3}% 66
\BOOKMARK [2][-]{subsection.3.3.3}{\376\377\0003\000.\0003\000.\0003\000\040\000M\036\241\000n\000g\000\040\000C\000r\000i\000t\000i\000c\000\040\000-\000\040\001\257\036\333\000c\000\040\000l\001\260\036\343\000n\000g\000\040\000g\000i\000\341\000\040\000t\000r\036\313}{section.3.3}% 67
\BOOKMARK [2][-]{subsection.3.3.4}{\376\377\0003\000.\0003\000.\0004\000\040\000C\000\341\000c\000\040\000k\036\371\000\040\000t\000h\000u\036\255\000t\000\040\000c\036\243\000i\000\040\000t\000i\036\277\000n}{section.3.3}% 68
\BOOKMARK [1][-]{section.3.4}{\376\377\0003\000.\0004\000\040\000Q\000u\000y\000\040\000t\000r\000\354\000n\000h\000\040\000h\000u\036\245\000n\000\040\000l\000u\000y\036\307\000n}{chapter.3}% 69
\BOOKMARK [2][-]{subsection.3.4.1}{\376\377\0003\000.\0004\000.\0001\000\040\000C\000h\000i\036\277\000n\000\040\000l\001\260\036\343\000c\000\040\000h\000u\036\245\000n\000\040\000l\000u\000y\036\307\000n\000\040\0002\000\040\000g\000i\000a\000i\000\040\001\021\000o\036\241\000n}{section.3.4}% 70
\BOOKMARK [2][-]{subsection.3.4.2}{\376\377\0003\000.\0004\000.\0002\000\040\000T\000h\000u\036\255\000t\000\040\000t\000o\000\341\000n\000\040\000P\000P\000O\000\040\000v\036\333\000i\000\040\000G\000A\000E}{section.3.4}% 71
\BOOKMARK [2][-]{subsection.3.4.3}{\376\377\0003\000.\0004\000.\0003\000\040\000H\000y\000p\000e\000r\000p\000a\000r\000a\000m\000e\000t\000e\000r\000s\000\040\000c\000h\000i\000\040\000t\000i\036\277\000t}{section.3.4}% 72
\BOOKMARK [2][-]{subsection.3.4.4}{\376\377\0003\000.\0004\000.\0004\000\040\000C\000\341\000c\000\040\000k\036\371\000\040\000t\000h\000u\036\255\000t\000\040\000c\036\243\000i\000\040\000t\000i\036\277\000n\000\040\001\021\001\260\036\343\000c\000\040\000\341\000p\000\040\000d\036\345\000n\000g}{section.3.4}% 73
\BOOKMARK [3][-]{subsubsection.3.4.4.1}{\376\377\0003\000.\0004\000.\0004\000.\0001\000\040\000A\000d\000a\000p\000t\000i\000v\000e\000\040\000L\000e\000a\000r\000n\000i\000n\000g\000\040\000R\000a\000t\000e\000\040\000S\000c\000h\000e\000d\000u\000l\000e\000r}{subsection.3.4.4}% 74
\BOOKMARK [3][-]{subsubsection.3.4.4.2}{\376\377\0003\000.\0004\000.\0004\000.\0002\000\040\000A\000s\000y\000m\000m\000e\000t\000r\000i\000c\000\040\000C\000r\000i\000t\000i\000c\000/\000A\000c\000t\000o\000r\000\040\000T\000r\000a\000i\000n\000i\000n\000g}{subsection.3.4.4}% 75
\BOOKMARK [3][-]{subsubsection.3.4.4.3}{\376\377\0003\000.\0004\000.\0004\000.\0003\000\040\000A\000g\000g\000r\000e\000s\000s\000i\000v\000e\000\040\000E\000x\000p\000l\000o\000r\000a\000t\000i\000o\000n\000\040\000S\000t\000r\000a\000t\000e\000g\000y}{subsection.3.4.4}% 76
\BOOKMARK [3][-]{subsubsection.3.4.4.4}{\376\377\0003\000.\0004\000.\0004\000.\0004\000\040\000V\000a\000l\000u\000e\000\040\000F\000u\000n\000c\000t\000i\000o\000n\000\040\000C\000l\000i\000p\000p\000i\000n\000g}{subsection.3.4.4}% 77
\BOOKMARK [3][-]{subsubsection.3.4.4.5}{\376\377\0003\000.\0004\000.\0004\000.\0005\000\040\000A\000g\000g\000r\000e\000s\000s\000i\000v\000e\000\040\000K\000L\000\040\000E\000a\000r\000l\000y\000\040\000S\000t\000o\000p\000p\000i\000n\000g}{subsection.3.4.4}% 78
\BOOKMARK [1][-]{section.3.5}{\376\377\0003\000.\0005\000\040\000X\000\342\000y\000\040\000d\036\361\000n\000g\000\040\000r\000o\000b\000o\000t\000\040\000t\000h\036\361\000c\000\040\000t\036\277}{chapter.3}% 79
\BOOKMARK [2][-]{subsection.3.5.1}{\376\377\0003\000.\0005\000.\0001\000\040\000T\000h\000\364\000n\000g\000\040\000s\036\321\000\040\000k\036\371\000\040\000t\000h\000u\036\255\000t}{section.3.5}% 80
\BOOKMARK [2][-]{subsection.3.5.2}{\376\377\0003\000.\0005\000.\0002\000\040\000K\000i\036\277\000n\000\040\000t\000r\000\372\000c\000\040\000p\000h\036\247\000n\000\040\000m\036\301\000m}{section.3.5}% 81
\BOOKMARK [1][-]{section.3.6}{\376\377\0003\000.\0006\000\040\000T\000h\000i\036\277\000t\000\040\000k\036\277\000\040\000P\000I\000D\000\040\000c\000o\000n\000t\000r\000o\000l\000l\000e\000r\000\040\000v\000\340\000\040\000c\000h\036\351\000n\000g\000\040\000m\000i\000n\000h\000\040\036\325\000n\000\040\001\021\036\313\000n\000h}{chapter.3}% 82
\BOOKMARK [2][-]{subsection.3.6.1}{\376\377\0003\000.\0006\000.\0001\000\040\000M\000\364\000\040\000h\000\354\000n\000h\000\040\001\021\036\331\000n\000g\000\040\000h\036\315\000c\000\040\000d\000i\000f\000f\000e\000r\000e\000n\000t\000i\000a\000l\000\040\000d\000r\000i\000v\000e\000\040\000r\000o\000b\000o\000t}{section.3.6}% 83
\BOOKMARK [2][-]{subsection.3.6.2}{\376\377\0003\000.\0006\000.\0002\000\040\000T\000h\000i\036\277\000t\000\040\000k\036\277\000\040\000P\000I\000D\000\040\000c\000o\000n\000t\000r\000o\000l\000l\000e\000r}{section.3.6}% 84
\BOOKMARK [2][-]{subsection.3.6.3}{\376\377\0003\000.\0006\000.\0003\000\040\000P\000h\000\342\000n\000\040\000t\000\355\000c\000h\000\040\036\325\000n\000\040\001\021\036\313\000n\000h}{section.3.6}% 85
\BOOKMARK [2][-]{subsection.3.6.4}{\376\377\0003\000.\0006\000.\0004\000\040\000K\036\277\000t\000\040\000q\000u\036\243\000\040\000t\000h\036\361\000c\000\040\000n\000g\000h\000i\036\307\000m}{section.3.6}% 86
\BOOKMARK [1][-]{section.3.7}{\376\377\0003\000.\0007\000\040\000T\000h\000i\036\277\000t\000\040\000k\036\277\000\040\000s\000e\000n\000s\000o\000r\000\040\000f\000u\000s\000i\000o\000n\000\040\000v\036\333\000i\000\040\000U\000K\000F}{chapter.3}% 87
\BOOKMARK [2][-]{subsection.3.7.1}{\376\377\0003\000.\0007\000.\0001\000\040\000\335\000\040\000t\001\260\036\337\000n\000g\000\040\000c\000h\000\355\000n\000h\000\040\000c\036\347\000a\000\040\000U\000K\000F}{section.3.7}% 88
\BOOKMARK [2][-]{subsection.3.7.2}{\376\377\0003\000.\0007\000.\0002\000\040\000M\000\364\000\040\000h\000\354\000n\000h\000\040\000s\000t\000a\000t\000e\000\040\000v\000\340\000\040\000m\000e\000a\000s\000u\000r\000e\000m\000e\000n\000t\000s}{section.3.7}% 89
\BOOKMARK [2][-]{subsection.3.7.3}{\376\377\0003\000.\0007\000.\0003\000\040\000T\000h\000u\036\255\000t\000\040\000t\000o\000\341\000n\000\040\000U\000K\000F\000\040\000-\000\040\000C\000\341\000c\000\040\000b\001\260\036\333\000c\000\040\000c\000h\000\355\000n\000h}{section.3.7}% 90
\BOOKMARK [2][-]{subsection.3.7.4}{\376\377\0003\000.\0007\000.\0004\000\040\000S\000o\000\040\000s\000\341\000n\000h\000\040\000v\036\333\000i\000\040\000E\000K\000F\000\040\000v\000\340\000\040\000r\000a\000w\000\040\000o\000d\000o\000m\000e\000t\000r\000y}{section.3.7}% 91
\BOOKMARK [1][-]{section.3.8}{\376\377\0003\000.\0008\000\040\000T\000r\000i\036\303\000n\000\040\000k\000h\000a\000i\000\040\000C\000a\000r\000t\000o\000g\000r\000a\000p\000h\000e\000r\000\040\000S\000L\000A\000M}{chapter.3}% 92
\BOOKMARK [2][-]{subsection.3.8.1}{\376\377\0003\000.\0008\000.\0001\000\040\000Q\000u\000y\000\040\000t\000r\000\354\000n\000h\000\040\000M\000a\000p\000p\000i\000n\000g}{section.3.8}% 93
\BOOKMARK [2][-]{subsection.3.8.2}{\376\377\0003\000.\0008\000.\0002\000\040\000Q\000u\000\341\000\040\000t\000r\000\354\000n\000h\000\040\000T\000i\000n\000h\000\040\000c\000h\036\311\000n\000h\000\040\000T\000h\000a\000m\000\040\000s\036\321}{section.3.8}% 94
\BOOKMARK [2][-]{subsection.3.8.3}{\376\377\0003\000.\0008\000.\0003\000\040\000Q\000u\000y\000\040\000t\000r\000\354\000n\000h\000\040\000N\000a\000v\000i\000g\000a\000t\000i\000o\000n\000/\000L\000o\000c\000a\000l\000i\000z\000a\000t\000i\000o\000n}{section.3.8}% 95
\BOOKMARK [2][-]{subsection.3.8.4}{\376\377\0003\000.\0008\000.\0004\000\040\000C\000\364\000n\000g\000\040\000c\036\345\000\040\000D\000e\000b\000u\000g\000\040\000v\000\340\000\040\000T\000i\000n\000h\000\040\000c\000h\036\311\000n\000h}{section.3.8}% 96
\BOOKMARK [1][-]{section.3.9}{\376\377\0003\000.\0009\000\040\000T\000r\000i\036\303\000n\000\040\000k\000h\000a\000i\000\040\000h\036\307\000\040\000r\000o\000b\000o\000t\000\040\000h\000o\000\340\000n\000\040\000c\000h\036\311\000n\000h}{chapter.3}% 97
\BOOKMARK [2][-]{subsection.3.9.1}{\376\377\0003\000.\0009\000.\0001\000\040\000K\000i\036\277\000n\000\040\000t\000r\000\372\000c\000\040\000t\036\325\000n\000g\000\040\000t\000h\036\303}{section.3.9}% 98
\BOOKMARK [2][-]{subsection.3.9.2}{\376\377\0003\000.\0009\000.\0002\000\040\000C\036\245\000u\000\040\000h\000\354\000n\000h\000\040\000p\000h\036\247\000n\000\040\000c\036\351\000n\000g}{section.3.9}% 99
\BOOKMARK [2][-]{subsection.3.9.3}{\376\377\0003\000.\0009\000.\0003\000\040\000C\036\245\000u\000\040\000h\000\354\000n\000h\000\040\000m\036\241\000n\000g\000\040\000R\000O\000S}{section.3.9}% 100
\BOOKMARK [2][-]{subsection.3.9.4}{\376\377\0003\000.\0009\000.\0004\000\040\000P\000h\000\342\000n\000\040\000b\036\325\000\040\000c\000\341\000c\000\040\000R\000O\000S\000\040\000n\000o\000d\000e\000s}{section.3.9}% 101
\BOOKMARK [2][-]{subsection.3.9.5}{\376\377\0003\000.\0009\000.\0005\000\040\000T\000h\000i\036\277\000t\000\040\000k\036\277\000\040\000p\000h\000i\000\040\000t\036\255\000p\000\040\000t\000r\000u\000n\000g\000\040\000m\036\267\000c\000\040\000d\000\371\000\040\000i\000n\000f\000e\000r\000e\000n\000c\000e\000\040\000t\036\255\000p\000\040\000t\000r\000u\000n\000g}{section.3.9}% 102
\BOOKMARK [2][-]{subsection.3.9.6}{\376\377\0003\000.\0009\000.\0006\000\040\000T\000\363\000m\000\040\000t\036\257\000t\000\040\000d\000e\000p\000l\000o\000y\000m\000e\000n\000t}{section.3.9}% 103
\BOOKMARK [0][-]{chapter.4}{\376\377\0004\000\040\000K\036\276\000T\000\040\000Q\000U\036\242\000\040\000V\000\300\000\040\000T\000H\036\242\000O\000\040\000L\000U\036\254\000N}{}% 104
\BOOKMARK [1][-]{section.4.1}{\376\377\0004\000.\0001\000\040\000K\036\277\000t\000\040\000q\000u\036\243\000\040\000m\000\364\000\040\000p\000h\036\317\000n\000g}{chapter.4}% 105
\BOOKMARK [2][-]{subsection.4.1.1}{\376\377\0004\000.\0001\000.\0001\000\040\000K\036\277\000t\000\040\000q\000u\036\243\000\040\000S\000t\000a\000g\000e\000\040\0001\000\040\000-\000\040\000M\000\364\000i\000\040\000t\000r\001\260\036\335\000n\000g\000\040\001\021\001\241\000n\000\040\000g\000i\036\243\000n}{section.4.1}% 106
\BOOKMARK [2][-]{subsection.4.1.2}{\376\377\0004\000.\0001\000.\0002\000\040\000K\036\277\000t\000\040\000q\000u\036\243\000\040\000S\000t\000a\000g\000e\000\040\0002\000\040\000-\000\040\000M\000\364\000i\000\040\000t\000r\001\260\036\335\000n\000g\000\040\000p\000h\036\351\000c\000\040\000t\036\241\000p}{section.4.1}% 107
\BOOKMARK [2][-]{subsection.4.1.3}{\376\377\0004\000.\0001\000.\0003\000\040\000S\000o\000\040\000s\000\341\000n\000h\000\040\000v\000\340\000\040\000p\000h\000\342\000n\000\040\000t\000\355\000c\000h}{section.4.1}% 108
\BOOKMARK [1][-]{section.4.2}{\376\377\0004\000.\0002\000\040\000K\036\277\000t\000\040\000q\000u\036\243\000\040\000t\000h\036\361\000c\000\040\000n\000g\000h\000i\036\307\000m}{chapter.4}% 109
\BOOKMARK [2][-]{subsection.4.2.1}{\376\377\0004\000.\0002\000.\0001\000\040\000T\000h\000i\036\277\000t\000\040\000l\036\255\000p\000\040\000t\000h\036\361\000c\000\040\000n\000g\000h\000i\036\307\000m}{section.4.2}% 110
\BOOKMARK [2][-]{subsection.4.2.2}{\376\377\0004\000.\0002\000.\0002\000\040\000K\036\277\000t\000\040\000q\000u\036\243\000\040\000t\000h\036\361\000c\000\040\000n\000g\000h\000i\036\307\000m}{section.4.2}% 111
\BOOKMARK [1][-]{section.4.3}{\376\377\0004\000.\0003\000\040\000H\036\241\000n\000\040\000c\000h\036\277\000\040\000v\000\340\000\040\000t\000h\000\341\000c\000h\000\040\000t\000h\036\351\000c}{chapter.4}% 112
\BOOKMARK [1][-]{section.4.4}{\376\377\0004\000.\0004\000\040\000T\000h\036\243\000o\000\040\000l\000u\036\255\000n}{chapter.4}% 113
\BOOKMARK [0][-]{chapter.5}{\376\377\0005\000\040\000K\036\276\000T\000\040\000L\000U\036\254\000N\000\040\000V\000\300\000\040\000K\000I\036\276\000N\000\040\000N\000G\000H\036\312}{}% 114
\BOOKMARK [1][-]{section.5.1}{\376\377\0005\000.\0001\000\040\000T\000\363\000m\000\040\000t\036\257\000t\000\040\000k\036\277\000t\000\040\000q\000u\036\243\000\040\001\021\036\241\000t\000\040\001\021\001\260\036\343\000c}{chapter.5}% 115
\BOOKMARK [1][-]{section.5.2}{\376\377\0005\000.\0002\000\040\000H\001\260\036\333\000n\000g\000\040\000n\000g\000h\000i\000\352\000n\000\040\000c\036\351\000u\000\040\000t\000i\036\277\000p\000\040\000t\000h\000e\000o}{chapter.5}% 116
\BOOKMARK [1][-]{section.5.3}{\376\377\0005\000.\0003\000\040\000L\036\335\000i\000\040\000k\036\277\000t}{chapter.5}% 117
